mode: atomic
github.com/scode/saltybox/saltybox.go:15.13,20.57 4 0
github.com/scode/saltybox/saltybox.go:20.57,21.25 1 0
github.com/scode/saltybox/saltybox.go:21.25,23.4 1 0
github.com/scode/saltybox/saltybox.go:24.3,24.31 1 0
github.com/scode/saltybox/saltybox.go:27.2,64.59 1 0
github.com/scode/saltybox/saltybox.go:64.59,66.6 1 0
github.com/scode/saltybox/saltybox.go:92.59,94.6 1 0
github.com/scode/saltybox/saltybox.go:124.59,126.6 1 0
github.com/scode/saltybox/saltybox.go:129.57,131.4 1 0
github.com/scode/saltybox/saltybox.go:134.2,135.16 2 0
github.com/scode/saltybox/saltybox.go:135.16,137.3 1 0
github.com/scode/saltybox/preader/preader.go:16.37,18.2 1 0
github.com/scode/saltybox/preader/preader.go:20.61,22.2 1 1
github.com/scode/saltybox/preader/preader.go:24.51,26.2 1 3
github.com/scode/saltybox/preader/preader.go:28.54,30.2 1 0
github.com/scode/saltybox/preader/preader.go:36.69,38.2 1 0
github.com/scode/saltybox/preader/preader.go:42.69,44.26 2 0
github.com/scode/saltybox/preader/preader.go:44.26,46.3 1 0
github.com/scode/saltybox/preader/preader.go:48.2,49.16 2 0
github.com/scode/saltybox/preader/preader.go:49.16,51.3 1 0
github.com/scode/saltybox/preader/preader.go:52.2,53.16 2 0
github.com/scode/saltybox/preader/preader.go:53.16,55.3 1 0
github.com/scode/saltybox/preader/preader.go:57.2,57.28 1 0
github.com/scode/saltybox/preader/preader.go:70.68,71.15 1 2
github.com/scode/saltybox/preader/preader.go:71.15,73.17 2 1
github.com/scode/saltybox/preader/preader.go:73.17,75.4 1 0
github.com/scode/saltybox/preader/preader.go:76.3,77.18 2 1
github.com/scode/saltybox/preader/preader.go:80.2,80.32 1 2
github.com/scode/saltybox/preader/preader.go:87.67,89.16 2 3
github.com/scode/saltybox/preader/preader.go:89.16,91.3 1 1
github.com/scode/saltybox/preader/preader.go:93.2,93.26 1 2
github.com/scode/saltybox/varmor/varmor.go:20.31,24.2 2 5
github.com/scode/saltybox/varmor/varmor.go:34.50,35.38 1 8
github.com/scode/saltybox/varmor/varmor.go:35.38,37.3 1 1
github.com/scode/saltybox/varmor/varmor.go:39.2,39.9 1 7
github.com/scode/saltybox/varmor/varmor.go:40.48,43.17 3 5
github.com/scode/saltybox/varmor/varmor.go:43.17,45.4 1 1
github.com/scode/saltybox/varmor/varmor.go:46.3,46.19 1 4
github.com/scode/saltybox/varmor/varmor.go:47.52,48.86 1 1
github.com/scode/saltybox/varmor/varmor.go:49.10,50.64 1 1
github.com/scode/saltybox/commands/commands.go:13.72,15.16 2 2
github.com/scode/saltybox/commands/commands.go:15.16,17.3 1 0
github.com/scode/saltybox/commands/commands.go:19.2,21.28 2 2
github.com/scode/saltybox/commands/commands.go:24.85,26.16 2 2
github.com/scode/saltybox/commands/commands.go:26.16,28.3 1 0
github.com/scode/saltybox/commands/commands.go:30.2,31.16 2 2
github.com/scode/saltybox/commands/commands.go:31.16,33.3 1 0
github.com/scode/saltybox/commands/commands.go:34.2,35.16 2 2
github.com/scode/saltybox/commands/commands.go:35.16,37.3 1 0
github.com/scode/saltybox/commands/commands.go:39.2,40.16 2 2
github.com/scode/saltybox/commands/commands.go:40.16,42.3 1 0
github.com/scode/saltybox/commands/commands.go:44.2,44.12 1 2
github.com/scode/saltybox/commands/commands.go:47.79,49.16 2 5
github.com/scode/saltybox/commands/commands.go:49.16,51.3 1 0
github.com/scode/saltybox/commands/commands.go:53.2,54.16 2 5
github.com/scode/saltybox/commands/commands.go:54.16,56.3 1 1
github.com/scode/saltybox/commands/commands.go:58.2,58.23 1 4
github.com/scode/saltybox/commands/commands.go:61.85,63.16 2 3
github.com/scode/saltybox/commands/commands.go:63.16,65.3 1 0
github.com/scode/saltybox/commands/commands.go:67.2,68.16 2 3
github.com/scode/saltybox/commands/commands.go:68.16,70.3 1 0
github.com/scode/saltybox/commands/commands.go:71.2,72.16 2 3
github.com/scode/saltybox/commands/commands.go:72.16,74.3 1 0
github.com/scode/saltybox/commands/commands.go:76.2,77.16 2 3
github.com/scode/saltybox/commands/commands.go:77.16,79.3 1 0
github.com/scode/saltybox/commands/commands.go:81.2,81.12 1 3
github.com/scode/saltybox/commands/commands.go:84.90,89.16 2 2
github.com/scode/saltybox/commands/commands.go:89.16,91.3 1 0
github.com/scode/saltybox/commands/commands.go:93.2,96.16 3 2
github.com/scode/saltybox/commands/commands.go:96.16,98.3 1 0
github.com/scode/saltybox/commands/commands.go:99.2,100.16 2 2
github.com/scode/saltybox/commands/commands.go:100.16,102.3 1 1
github.com/scode/saltybox/commands/commands.go:107.2,110.16 3 1
github.com/scode/saltybox/commands/commands.go:110.16,112.3 1 0
github.com/scode/saltybox/commands/commands.go:113.2,113.27 1 1
github.com/scode/saltybox/commands/commands.go:113.27,114.62 1 1
github.com/scode/saltybox/commands/commands.go:114.62,116.4 1 0
github.com/scode/saltybox/commands/commands.go:118.2,118.31 1 1
github.com/scode/saltybox/commands/commands.go:118.31,120.3 1 1
github.com/scode/saltybox/commands/commands.go:122.2,123.16 2 1
github.com/scode/saltybox/commands/commands.go:123.16,125.3 1 0
github.com/scode/saltybox/commands/commands.go:130.2,131.16 2 1
github.com/scode/saltybox/commands/commands.go:131.16,133.3 1 0
github.com/scode/saltybox/commands/commands.go:134.2,134.25 1 1
github.com/scode/saltybox/commands/commands.go:134.25,136.3 1 1
github.com/scode/saltybox/commands/commands.go:138.2,139.16 2 1
github.com/scode/saltybox/commands/commands.go:139.16,141.3 1 0
github.com/scode/saltybox/commands/commands.go:143.2,144.16 2 1
github.com/scode/saltybox/commands/commands.go:144.16,146.3 1 0
github.com/scode/saltybox/commands/commands.go:148.2,148.12 1 1
github.com/scode/saltybox/secretcrypt/secretcrypt.go:35.68,37.16 2 9
github.com/scode/saltybox/secretcrypt/secretcrypt.go:37.16,39.3 1 0
github.com/scode/saltybox/secretcrypt/secretcrypt.go:43.2,46.28 3 9
github.com/scode/saltybox/secretcrypt/secretcrypt.go:52.67,55.16 3 5
github.com/scode/saltybox/secretcrypt/secretcrypt.go:55.16,57.3 1 0
github.com/scode/saltybox/secretcrypt/secretcrypt.go:58.2,58.20 1 5
github.com/scode/saltybox/secretcrypt/secretcrypt.go:58.20,60.3 1 0
github.com/scode/saltybox/secretcrypt/secretcrypt.go:62.2,63.16 2 5
github.com/scode/saltybox/secretcrypt/secretcrypt.go:63.16,65.3 1 0
github.com/scode/saltybox/secretcrypt/secretcrypt.go:67.2,69.16 3 5
github.com/scode/saltybox/secretcrypt/secretcrypt.go:69.16,71.3 1 0
github.com/scode/saltybox/secretcrypt/secretcrypt.go:72.2,72.21 1 5
github.com/scode/saltybox/secretcrypt/secretcrypt.go:72.21,74.3 1 0
github.com/scode/saltybox/secretcrypt/secretcrypt.go:76.2,84.45 3 5
github.com/scode/saltybox/secretcrypt/secretcrypt.go:84.45,86.3 1 0
github.com/scode/saltybox/secretcrypt/secretcrypt.go:87.2,87.46 1 5
github.com/scode/saltybox/secretcrypt/secretcrypt.go:87.46,89.3 1 0
github.com/scode/saltybox/secretcrypt/secretcrypt.go:90.2,90.83 1 5
github.com/scode/saltybox/secretcrypt/secretcrypt.go:90.83,92.3 1 0
github.com/scode/saltybox/secretcrypt/secretcrypt.go:93.2,93.47 1 5
github.com/scode/saltybox/secretcrypt/secretcrypt.go:93.47,95.3 1 0
github.com/scode/saltybox/secretcrypt/secretcrypt.go:97.2,97.25 1 5
github.com/scode/saltybox/secretcrypt/secretcrypt.go:110.67,115.16 4 5
github.com/scode/saltybox/secretcrypt/secretcrypt.go:115.16,117.3 1 0
github.com/scode/saltybox/secretcrypt/secretcrypt.go:118.2,118.20 1 5
github.com/scode/saltybox/secretcrypt/secretcrypt.go:118.20,120.3 1 0
github.com/scode/saltybox/secretcrypt/secretcrypt.go:122.2,124.16 3 5
github.com/scode/saltybox/secretcrypt/secretcrypt.go:124.16,126.3 1 0
github.com/scode/saltybox/secretcrypt/secretcrypt.go:127.2,127.21 1 5
github.com/scode/saltybox/secretcrypt/secretcrypt.go:127.21,129.3 1 0
github.com/scode/saltybox/secretcrypt/secretcrypt.go:131.2,132.81 2 5
github.com/scode/saltybox/secretcrypt/secretcrypt.go:132.81,134.3 1 0
github.com/scode/saltybox/secretcrypt/secretcrypt.go:135.2,135.22 1 5
github.com/scode/saltybox/secretcrypt/secretcrypt.go:135.22,137.3 1 1
github.com/scode/saltybox/secretcrypt/secretcrypt.go:138.2,139.34 2 4
github.com/scode/saltybox/secretcrypt/secretcrypt.go:139.34,141.3 1 0
github.com/scode/saltybox/secretcrypt/secretcrypt.go:142.2,142.42 1 4
github.com/scode/saltybox/secretcrypt/secretcrypt.go:142.42,144.3 1 0
github.com/scode/saltybox/secretcrypt/secretcrypt.go:146.2,148.16 3 4
github.com/scode/saltybox/secretcrypt/secretcrypt.go:148.16,150.3 1 0
github.com/scode/saltybox/secretcrypt/secretcrypt.go:151.2,151.25 1 4
github.com/scode/saltybox/secretcrypt/secretcrypt.go:151.25,153.3 1 0
github.com/scode/saltybox/secretcrypt/secretcrypt.go:155.2,156.16 2 4
github.com/scode/saltybox/secretcrypt/secretcrypt.go:156.16,158.3 1 0
github.com/scode/saltybox/secretcrypt/secretcrypt.go:160.2,166.14 2 4
github.com/scode/saltybox/secretcrypt/secretcrypt.go:166.14,168.3 1 0
github.com/scode/saltybox/secretcrypt/secretcrypt.go:170.2,170.22 1 4
github.com/scode/saltybox/secretcrypt/secretcrypt.go:170.22,172.3 1 1
github.com/scode/saltybox/secretcrypt/secretcrypt.go:174.2,174.23 1 4
